Sat Jun 13 04:39:51 2015 :: Copyover: Spawning new log file
Sat Jun 13 04:39:51 2015 :: Saving player files and connection states....
Sat Jun 13 04:39:51 2015 :: Saving modified area files...
Sat Jun 13 04:39:51 2015 :: Executing copyover....
Sat Jun 13 04:39:51 2015 :: Booting Database
Sat Jun 13 04:39:51 2015 :: [*****] BOOT: ---------------------[ Boot Log ]--------------------
Sat Jun 13 04:39:51 2015 :: Loading commands
Sat Jun 13 04:39:51 2015 :: Loading mud channels...
Sat Jun 13 04:39:51 2015 :: Loading sysdata configuration...
Sat Jun 13 04:39:51 2015 :: Loading socials
Sat Jun 13 04:39:51 2015 :: Loading skill table
Sat Jun 13 04:39:51 2015 :: Sorting skill table...
Sat Jun 13 04:39:51 2015 :: Remapping slots to sns
Sat Jun 13 04:39:51 2015 :: Loading classes
Sat Jun 13 04:39:51 2015 :: Loading races
Sat Jun 13 04:39:51 2015 :: Loading herb table
Sat Jun 13 04:39:51 2015 :: Loading tongues
Sat Jun 13 04:39:51 2015 :: Making 6 Dragons stafflist
Sat Jun 13 04:39:51 2015 :: Loading MSSP Data...
Sat Jun 13 04:39:51 2015 :: Building wizinfo
Sat Jun 13 04:39:51 2015 :: Initializing random number generator
Sat Jun 13 04:39:51 2015 :: Setting time and weather.
Sat Jun 13 04:39:51 2015 :: Loading holiday chart...
Sat Jun 13 04:39:51 2015 :: Assigning gsn's
ASSIGN_GSN: Skill death embrace not found.
ASSIGN_GSN: Skill heart grab not found.
ASSIGN_GSN: Skill demonic sight not found.
ASSIGN_GSN: Skill boost not found.
ASSIGN_GSN: Skill hog affinity not found.
Sat Jun 13 04:39:51 2015 :: Reading in area files...
(help.are)
limbo.are     : Rooms:     2 - 99    Objs:     2 - 99    Mobs:     1 - 99
staff.are     : Rooms:  1200 - 1299  Objs:  1200 - 1299  Mobs:  1200 - 1299
call.are      : Rooms:   100 - 199   Objs:   100 - 199   Mobs:   100 - 199
haon.are      : Rooms:  6000 - 6159  Objs:  6000 - 6155  Mobs:  6000 - 6117
midennir.are  : Rooms:  3500 - 3590  Objs:  3500 - 3550  Mobs:  3500 - 3550
astral.are    : Rooms:   800 - 899   Objs:   800 - 899   Mobs:   800 - 899
srefuge.are   : Rooms:  1500 - 1600  Objs:  1500 - 1599  Mobs:  1500 - 1599
chapel.are    : Rooms:  3405 - 3475  Objs:  3400 - 3430  Mobs:  3400 - 3416
export.are    : Rooms:  9810 - 9899  Objs:  9810 - 9899  Mobs:  9800 - 9899
plains.are    : Rooms:   300 - 345   Objs:   300 - 313   Mobs:   300 - 350
gallery.are   : Rooms: 24800 - 24899 Objs: 24800 - 24899 Mobs: 24800 - 24899
grave.are     : Rooms:  3600 - 3651  Objs:  3600 - 3613  Mobs:  3600 - 3605
unholy.are    : Rooms:  2101 - 2173  Objs:  2101 - 2150  Mobs:  2101 - 2120
pixie.are     : Rooms:  2070 - 2099  Objs:  2070 - 2077  Mobs:  2070 - 2073
manor.are     : Rooms:  2400 - 2499  Objs:  2400 - 2499  Mobs:  2405 - 2484
roads.are     : Rooms: 26000 - 26290 Objs: 26000 - 26010 Mobs: 26000 - 26007
asgard.are    : Rooms: 12000 - 12200 Objs: 12000 - 12200 Mobs: 12000 - 12200
warkeep.are   : Rooms: 15700 - 15742 Objs: 15700 - 15742 Mobs: 15700 - 15720
abandoned.are : Rooms: 29000 - 29050 Objs: 29000 - 29050 Mobs: 29000 - 29050
drakkel.are   : Rooms: 40000 - 40500 Objs: 40000 - 40100 Mobs: 40000 - 40100
1stplane.are  : Rooms: 30000 - 30400 Objs: 30000 - 30400 Mobs: 30001 - 30400
heaven.are    : Rooms: 31000 - 31200 Objs: 31000 - 31200 Mobs: 31000 - 31046
manoake.are   : Rooms: 31300 - 31492 Objs: 31300 - 31477 Mobs: 31300 - 31450
loramoor.are  : Rooms: 31600 - 31800 Objs: 31600 - 31800 Mobs: 31600 - 31800
beach.are     : Rooms: 10000 - 10018 Objs: 10000 - 10050 Mobs: 10001 - 10005
ship.are      : Rooms: 10100 - 10150 Objs: 10100 - 10150 Mobs: 10100 - 10150
Vila.are      : Rooms: 10200 - 10255 Objs: 10200 - 10300 Mobs: 10201 - 10215
abyss.are     : Rooms:  7500 - 8000  Objs:  7500 - 8000  Mobs:  7500 - 8000
citadel.are   : Rooms:   950 - 1100  Objs:   950 - 1100  Mobs:   950 - 1100
ocean.are     : Rooms: 10400 - 10700 Objs: 10400 - 10700 Mobs: 10400 - 10700
paleon.are    : Rooms: 16000 - 16300 Objs: 16000 - 16300 Mobs: 16000 - 16300
garden.are    : Rooms:  4000 - 4050  Objs:  4000 - 4050  Mobs:  4000 - 4050
prison.are    : Rooms: 16500 - 16600 Objs: 16500 - 16600 Mobs: 16500 - 16600
jarynth.are   : Rooms: 10800 - 10851 Objs: 10800 - 10819 Mobs: 10801 - 10819
cierra.are    : Rooms: 16700 - 16900 Objs: 16700 - 16900 Mobs: 16700 - 16900
regius.are    : Rooms: 18000 - 18200 Objs: 18000 - 18200 Mobs: 18000 - 18200
isle.are      : Rooms:  3750 - 3950  Objs:  3750 - 3950  Mobs:  3750 - 3950
caverns.are   : Rooms: 28000 - 28200 Objs: 28000 - 28200 Mobs: 28000 - 28200
shoreline.are : Rooms:  4100 - 4183  Objs:  4100 - 4166  Mobs:  4104 - 4163
stutorial.are : Rooms:  4500 - 4600  Objs:  4500 - 4600  Mobs:  4500 - 4600
waterarena.are: Rooms:  4320 - 4340  Objs:  4320 - 4320  Mobs:  4320 - 4320
tufkular.are  : Rooms: 28250 - 28300 Objs: 28250 - 28296 Mobs: 28250 - 28300
undersewer.are: Rooms:  4900 - 4950  Objs:  4900 - 4950  Mobs:  4900 - 4950
tutorial.are  : Rooms:  5100 - 5200  Objs:  5100 - 5200  Mobs:  5100 - 5200
bowels.are    : Rooms:  5300 - 5350  Objs:  5300 - 5350  Mobs:  5300 - 5350
atheneum.are  : Rooms:  4650 - 4700  Objs:  4650 - 4700  Mobs:  4650 - 4700
desertarena.are: Rooms:  4400 - 4420  Objs:  4400 - 4412  Mobs:  4400 - 4410
kirwood.are   : Rooms: 27000 - 27062 Objs: 27000 - 27056 Mobs: 27000 - 27027
junglearena.are: Rooms:  5400 - 5420  Objs:  5400 - 5410  Mobs:  5400 - 5409
arcticarena.are: Rooms: 14500 - 14520 Objs: 14500 - 14506 Mobs: 14500 - 14503
Dis.are       : Rooms:  5500 - 5550  Objs:  5500 - 5550  Mobs:  5500 - 5550
labarena.are  : Rooms:  4800 - 4850  Objs:  4800 - 4809  Mobs:  4800 - 4810
durdun.are    : Rooms: 18300 - 18350 Objs: 18300 - 18350 Mobs: 18300 - 18350
dakar.are     : Rooms: 11200 - 11400 Objs: 11200 - 11400 Mobs: 11200 - 11400
etutorial.are : Rooms: 33200 - 33400 Objs: 33200 - 33400 Mobs: 33200 - 33400
wild.are      : Rooms: 41000 - 44000 Objs: 41000 - 41050 Mobs: 41000 - 41100
xwild.are     : Rooms: 60000 - 62999 Objs: 60000 - 60000 Mobs: 60000 - 60000
santasws.are  : Rooms: 34000 - 34050 Objs: 34000 - 34050 Mobs: 34000 - 34050
forbidden.are : Rooms: 34051 - 35600 Objs: 35500 - 35600 Mobs: 35500 - 35600
dtutorial.are : Rooms: 19000 - 19100 Objs: 19000 - 19100 Mobs: 19000 - 19100
estate.are    : Rooms: 19500 - 19549 Objs: 19500 - 19507 Mobs: 19500 - 19508
spidswamp.are : Rooms:   601 - 700   Objs:   601 - 700   Mobs:   601 - 700
icecastle.are : Rooms:   701 - 799   Objs:   701 - 799   Mobs:   701 - 799
crysforest.are: Rooms:  1400 - 1449  Objs:  1400 - 1449  Mobs:  1400 - 1449
lvalley.are   : Rooms:  1750 - 1800  Objs:  1750 - 1800  Mobs:  1750 - 1800
ixious.are    : Rooms:  1850 - 1900  Objs:  1850 - 1900  Mobs:  1850 - 1900
Szithlin.are  : Rooms:  2200 - 2299  Objs:  2200 - 2299  Mobs:  2200 - 2299
gtower.are    : Rooms: 18600 - 18650 Objs: 18600 - 18637 Mobs: 18600 - 18620
newunder.are  : Rooms:  2300 - 2399  Objs:  2300 - 2399  Mobs:  2300 - 2399
foxden.are    : Rooms:  2500 - 2550  Objs:  2500 - 2550  Mobs:  2500 - 2550
goldpen.are   : Rooms:  2551 - 2599  Objs:  2551 - 2556  Mobs:  2551 - 2557
ruins.are     : Rooms:  2600 - 2650  Objs:  2600 - 2650  Mobs:  2600 - 2650
merchant.are  : Rooms:  2750 - 2813  Objs:  2750 - 2800  Mobs:  2750 - 2800
shatkul.are   : Rooms:  2900 - 3000  Objs:  2900 - 3000  Mobs:  2900 - 3000
sos.are       : Rooms: 35601 - 35650 Objs: 35601 - 35650 Mobs: 35601 - 35650
appgarden.are : Rooms: 11510 - 11540 Objs: 11510 - 11540 Mobs: 11510 - 11540
soscata.are   : Rooms: 35651 - 35700 Objs: 35651 - 35700 Mobs: 35651 - 35700
throngfort.are: Rooms:  1120 - 1150  Objs:  1120 - 1150  Mobs:  1120 - 1150
allifort.are  : Rooms:  1160 - 1190  Objs:  1160 - 1190  Mobs:  1160 - 1190
accura.are    : Rooms: 35701 - 35750 Objs: 35701 - 35750 Mobs: 35701 - 35750
events.are    : Rooms:  1350 - 1350  Objs:  1350 - 1399  Mobs:  1350 - 1399
halcyon.are   : Rooms:  6160 - 6200  Objs:  6160 - 6200  Mobs:  6160 - 6200
terizak.are   : Rooms: 11541 - 11580 Objs: 11541 - 11547 Mobs: 11541 - 11580
mausoleum.are : Rooms: 35751 - 35800 Objs: 35751 - 35800 Mobs: 35751 - 35800
spivill.are   : Rooms: 13000 - 13039 Objs: 13000 - 13039 Mobs: 13000 - 13039
ywild.are     : Rooms: 48000 - 53800 Objs:     0 - 0     Mobs:     0 - 0
cliffs.are    : Rooms: 13101 - 13150 Objs: 13101 - 13150 Mobs: 13101 - 13150
icecavern.are : Rooms:  6250 - 6300  Objs:  6250 - 6300  Mobs:  6250 - 6300
oisland.are   : Rooms: 47101 - 47146 Objs: 47101 - 47150 Mobs: 47101 - 47150
harpy.are     : Rooms: 13151 - 13189 Objs: 13151 - 13180 Mobs: 13151 - 13180
rift.are      : Rooms:  6350 - 6400  Objs:  6350 - 6400  Mobs:  6350 - 6400
invasion.are  : Rooms:  6500 - 6900  Objs:  6500 - 6900  Mobs:  6500 - 6900
palace.are    : Rooms:  8100 - 8150  Objs:  8100 - 8150  Mobs:  8100 - 8150
ttower.are    : Rooms: 10051 - 10089 Objs: 10051 - 10090 Mobs: 10051 - 10090
pixadale.are  : Rooms: 35801 - 35850 Objs: 35801 - 35850 Mobs: 35801 - 35850
volcano.are   : Rooms:  8300 - 8336  Objs:  8300 - 8315  Mobs:  8300 - 8310
psewer.are    : Rooms:  8350 - 8400  Objs:  8350 - 8370  Mobs:  8350 - 8400
dsewer.are    : Rooms:  8700 - 8750  Objs:  8700 - 8720  Mobs:  8700 - 8750
dragonden.are : Rooms:  1950 - 1991  Objs:  1950 - 1967  Mobs:  1950 - 1960
grovestone.are: Rooms: 32000 - 32100 Objs: 32000 - 32100 Mobs: 32000 - 32100
torain.are    : Rooms: 11600 - 11700 Objs: 11600 - 11700 Mobs: 11600 - 11700
parade.are    : Rooms: 45150 - 45250 Objs: 45150 - 45250 Mobs: 45150 - 45250
theatre.are   : Rooms:   500 - 525   Objs:   500 - 525   Mobs:   500 - 525
Sat Jun 13 04:39:51 2015 :: load_rooms: Room (54001) has owner set to (Kyrigan), but there is no pfile to go with it.
Sat Jun 13 04:39:51 2015 :: load_rooms: Room (54002) has owner set to (Galt), but there is no pfile to go with it.
Sat Jun 13 04:39:51 2015 :: load_rooms: Room (54003) has owner set to (Roselia), but there is no pfile to go with it.
Sat Jun 13 04:39:51 2015 :: load_rooms: Room (54004) has owner set to (Osaerok), but there is no pfile to go with it.
Sat Jun 13 04:39:51 2015 :: load_rooms: Room (54005) has owner set to (Koraesag), but there is no pfile to go with it.
Sat Jun 13 04:39:51 2015 :: load_rooms: Room (54006) has owner set to (Norrindio), but there is no pfile to go with it.
Sat Jun 13 04:39:51 2015 :: load_rooms: Room (54007) has owner set to (Numair), but there is no pfile to go with it.
Sat Jun 13 04:39:51 2015 :: load_rooms: Room (54008) has owner set to (Maleficus), but there is no pfile to go with it.
Sat Jun 13 04:39:51 2015 :: load_rooms: Room (54009) has owner set to (Kimel), but there is no pfile to go with it.
Sat Jun 13 04:39:51 2015 :: load_rooms: Room (54010) has owner set to (Althea), but there is no pfile to go with it.
Sat Jun 13 04:39:51 2015 :: load_rooms: Room (54011) has owner set to (Saltus), but there is no pfile to go with it.
Sat Jun 13 04:39:51 2015 :: load_rooms: Room (54012) has owner set to (Weibble), but there is no pfile to go with it.
Sat Jun 13 04:39:51 2015 :: load_rooms: Room (54013) has owner set to (Leonem), but there is no pfile to go with it.
Sat Jun 13 04:39:51 2015 :: load_rooms: Room (54014) has owner set to (Kyndai), but there is no pfile to go with it.
Sat Jun 13 04:39:51 2015 :: load_rooms: Room (54015) has owner set to (Gilanthas), but there is no pfile to go with it.
phouse.are    : Rooms: 54000 - 55000 Objs: 54000 - 55000 Mobs: 54000 - 55000
Sat Jun 13 04:39:51 2015 :: load_rooms: Room (57001) has owner set to (Zaiden), but there is no pfile to go with it.
Sat Jun 13 04:39:51 2015 :: load_rooms: Room (57002) has owner set to (Yorae), but there is no pfile to go with it.
Sat Jun 13 04:39:51 2015 :: load_rooms: Room (57003) has owner set to (Lassiekysh), but there is no pfile to go with it.
Sat Jun 13 04:39:51 2015 :: load_rooms: Room (57004) has owner set to (Bansheena), but there is no pfile to go with it.
Sat Jun 13 04:39:51 2015 :: load_rooms: Room (57005) has owner set to (Zhaxiaoyen), but there is no pfile to go with it.
Sat Jun 13 04:39:51 2015 :: load_rooms: Room (57006) has owner set to (Voluntas), but there is no pfile to go with it.
Sat Jun 13 04:39:51 2015 :: load_rooms: Room (57007) has owner set to (Voluntas), but there is no pfile to go with it.
Sat Jun 13 04:39:51 2015 :: load_rooms: Room (57008) has owner set to (Voluntas), but there is no pfile to go with it.
Sat Jun 13 04:39:51 2015 :: load_rooms: Room (57009) has owner set to (Gonth), but there is no pfile to go with it.
dhouse.are    : Rooms: 57000 - 58000 Objs: 57000 - 58000 Mobs: 57000 - 58000
hive.are      : Rooms: 25000 - 25050 Objs: 25000 - 25050 Mobs: 25000 - 25050
riders.are    : Rooms: 25200 - 25250 Objs: 25200 - 25250 Mobs: 25200 - 25250
ships.are     : Rooms: 56300 - 56500 Objs: 56300 - 56500 Mobs: 56300 - 56500
tomb.are      : Rooms: 28350 - 28400 Objs: 28350 - 28400 Mobs: 28350 - 28400
Sat Jun 13 04:39:51 2015 :: [*****] BUG: __FileOpen: can't open area/Zlorth.are for r. Called from db.c:6144
area/Zlorth.are: No such file or directory
area/Zlorth.are: No such file or directory
Sat Jun 13 04:39:51 2015 :: [*****] BUG: load_area: area/Zlorth.are error loading file (can't open)
Sat Jun 13 04:39:51 2015 :: Loading boards
Sat Jun 13 04:39:51 2015 :: boards/subastas
Sat Jun 13 04:39:51 2015 :: boards/Roleplay
Sat Jun 13 04:39:51 2015 :: boards/General
Sat Jun 13 04:39:51 2015 :: Loading buildlist
Sat Jun 13 04:39:51 2015 :: staff/Zlorth
Sat Jun 13 04:39:51 2015 :: staff/Mewrsuin
Sat Jun 13 04:39:51 2015 :: staff/Robb
Sat Jun 13 04:39:51 2015 :: staff/Alanis
Sat Jun 13 04:39:51 2015 :: staff/Novick
Sat Jun 13 04:39:51 2015 :: staff/Syldreik
Sat Jun 13 04:39:51 2015 :: staff/Kais
Sat Jun 13 04:39:51 2015 :: staff/Raoden
Sat Jun 13 04:39:51 2015 :: Fixing exits
Sat Jun 13 04:39:51 2015 :: Initializing economy
Sat Jun 13 04:39:51 2015 :: Resetting areas
Sat Jun 13 04:39:51 2015 :: Loading storerooms
Sat Jun 13 04:39:51 2015 :: Loading clans
Sat Jun 13 04:39:51 2015 :: Loading clans...
Sat Jun 13 04:39:51 2015 :: throng.cln
Sat Jun 13 04:39:51 2015 :: alliance.cln
Sat Jun 13 04:39:51 2015 :: halcyon.cln
Sat Jun 13 04:39:51 2015 :: $
Sat Jun 13 04:39:51 2015 ::  Done clans 
Sat Jun 13 04:39:51 2015 :: Loading quests
Sat Jun 13 04:39:51 2015 :: Loading currency...
Sat Jun 13 04:39:51 2015 :: Loading banks
Sat Jun 13 04:39:51 2015 :: Loading landmarks
Sat Jun 13 04:39:51 2015 :: Loading councils
Sat Jun 13 04:39:51 2015 :: Loading councils...
Sat Jun 13 04:39:51 2015 :: $
Sat Jun 13 04:39:51 2015 ::  Done councils 
Sat Jun 13 04:39:51 2015 :: Loading hometowns
Sat Jun 13 04:39:51 2015 :: Loading htowns...
Sat Jun 13 04:39:51 2015 :: paleon.city
Sat Jun 13 04:39:51 2015 :: Valnaes.htown
Sat Jun 13 04:39:51 2015 :: forbidden.htown
Sat Jun 13 04:39:51 2015 :: $
Sat Jun 13 04:39:51 2015 ::  Done htowns 
Sat Jun 13 04:39:51 2015 :: Loading cities
Sat Jun 13 04:39:51 2015 :: Loading cities...
Sat Jun 13 04:39:51 2015 :: paleon.city
Sat Jun 13 04:39:51 2015 :: dakar.city
Sat Jun 13 04:39:51 2015 :: forbidden.city
Sat Jun 13 04:39:51 2015 ::  Done cities 
Sat Jun 13 04:39:51 2015 :: Loading bans
Sat Jun 13 04:39:51 2015 :: Done.
Sat Jun 13 04:39:51 2015 :: Loading reserved names
Sat Jun 13 04:39:51 2015 :: Loading auth namelist
Sat Jun 13 04:39:51 2015 :: Loading corpses
Sat Jun 13 04:39:51 2015 :: Loading News
Sat Jun 13 04:39:51 2015 :: Loading Hints...
Sat Jun 13 04:39:51 2015 :: Loading Morphs
Sat Jun 13 04:39:51 2015 :: Optimizing Morphs.
Sat Jun 13 04:39:51 2015 :: Done.
Sat Jun 13 04:39:51 2015 :: Initializing Autoboot
Sat Jun 13 04:39:51 2015 :: Initializing socket
Sat Jun 13 04:39:51 2015 :: 6 Dragones ready at address portent.digital-genesis.com on port 2020.
Sat Jun 13 04:39:51 2015 :: Initiating copyover recovery.
Sat Jun 13 04:39:51 2015 :: Loading player data for Zlorth (23K)
Sat Jun 13 04:39:51 2015 :: Reinicio completado.
Sat Jun 13 04:39:51 2015 :: [*****] BUG: Room #5545: Unknown affect being checked [On an Iron Street].
Sat Jun 13 04:39:51 2015 :: [*****] BUG: Room #5533: Unknown affect being checked [On an Iron Street].
Sat Jun 13 04:39:51 2015 :: [*****] BUG: Room #5508: Unknown affect being checked [On an Iron Street].
Sat Jun 13 04:39:55 2015 :: [*****] BUG: Room #5538: Unknown affect being checked [On an Iron Street].
Sat Jun 13 04:39:55 2015 :: [*****] BUG: Room #5535: Unknown affect being checked [On an Iron Street].
Sat Jun 13 04:40:00 2015 :: [*****] BUG: Room #5543: Unknown affect being checked [On an Iron Street].
Sat Jun 13 04:40:00 2015 :: [*****] BUG: Room #5538: Unknown affect being checked [On an Iron Street].
Sat Jun 13 04:40:00 2015 :: [*****] BUG: Room #5536: Unknown affect being checked [On an Iron Street].
Sat Jun 13 04:40:08 2015 :: [*****] BUG: Room #5535: Unknown affect being checked [On an Iron Street].
Sat Jun 13 04:40:08 2015 :: [*****] BUG: Room #5518: Unknown affect being checked [On an Iron Street].
Sat Jun 13 04:40:08 2015 :: [*****] BUG: Room #5510: Unknown affect being checked [On an Iron Street].
Sat Jun 13 04:40:12 2015 :: [*****] BUG: Room #5541: Unknown affect being checked [On an Iron Street].
Sat Jun 13 04:40:12 2015 :: [*****] BUG: Room #5539: Unknown affect being checked [Outside a Large Iron Tower].
Sat Jun 13 04:40:12 2015 :: [*****] BUG: Room #5517: Unknown affect being checked [On an Iron Street].
Sat Jun 13 04:40:20 2015 :: [*****] BUG: Room #5510: Unknown affect being checked [On an Iron Street].
Sat Jun 13 04:40:32 2015 :: [*****] BUG: Room #5525: Unknown affect being checked [On an Iron Street].
Sat Jun 13 04:40:36 2015 :: [*****] BUG: Room #5541: Unknown affect being checked [On an Iron Street].
Sat Jun 13 04:40:40 2015 :: [*****] BUG: Room #5535: Unknown affect being checked [On an Iron Street].
Sat Jun 13 04:40:44 2015 :: [*****] BUG: Room #5536: Unknown affect being checked [On an Iron Street].
Sat Jun 13 04:40:48 2015 :: [*****] BUG: Room #5544: Unknown affect being checked [On an Iron Street].
Sat Jun 13 04:40:48 2015 :: [*****] BUG: Room #5509: Unknown affect being checked [At an Intersection].
Sat Jun 13 04:40:52 2015 :: [*****] BUG: Room #5542: Unknown affect being checked [On an Iron Street].
Sat Jun 13 04:41:08 2015 :: [*****] BUG: Room #5535: Unknown affect being checked [On an Iron Street].
Sat Jun 13 04:41:12 2015 :: [*****] BUG: Room #5534: Unknown affect being checked [At an Intersection].
Sat Jun 13 04:41:16 2015 :: [*****] BUG: Room #5535: Unknown affect being checked [On an Iron Street].
Sat Jun 13 04:41:16 2015 :: [*****] BUG: Room #5508: Unknown affect being checked [On an Iron Street].
Sat Jun 13 04:41:20 2015 :: [*****] BUG: Room #5533: Unknown affect being checked [On an Iron Street].
Sat Jun 13 04:41:24 2015 :: [*****] BUG: Room #5525: Unknown affect being checked [On an Iron Street].
Sat Jun 13 04:41:32 2015 :: [*****] BUG: Room #5541: Unknown affect being checked [On an Iron Street].
Sat Jun 13 04:41:32 2015 :: [*****] BUG: Room #5509: Unknown affect being checked [At an Intersection].
Sat Jun 13 04:41:32 2015 :: [*****] BUG: Room #5507: Unknown affect being checked [On an Iron Street].
Sat Jun 13 04:41:36 2015 :: [*****] BUG: Room #5545: Unknown affect being checked [On an Iron Street].
Sat Jun 13 04:41:36 2015 :: [*****] BUG: Room #5542: Unknown affect being checked [On an Iron Street].
Sat Jun 13 04:41:36 2015 :: [*****] BUG: Room #5539: Unknown affect being checked [Outside a Large Iron Tower].
Sat Jun 13 04:41:36 2015 :: [*****] BUG: Room #5507: Unknown affect being checked [On an Iron Street].
Sat Jun 13 04:41:40 2015 :: [*****] BUG: Room #5544: Unknown affect being checked [On an Iron Street].
Sat Jun 13 04:41:40 2015 :: [*****] BUG: Room #5534: Unknown affect being checked [At an Intersection].
Sat Jun 13 04:41:40 2015 :: [*****] BUG: Room #5518: Unknown affect being checked [On an Iron Street].
Sat Jun 13 04:41:44 2015 :: [*****] BUG: Room #5526: Unknown affect being checked [On an Iron Street].
Sat Jun 13 04:41:44 2015 :: [*****] BUG: Room #5517: Unknown affect being checked [On an Iron Street].
Sat Jun 13 04:41:44 2015 :: [*****] BUG: Room #5508: Unknown affect being checked [On an Iron Street].
Sat Jun 13 04:41:44 2015 :: [*****] BUG: Room #5508: Unknown affect being checked [On an Iron Street].
Sat Jun 13 04:41:48 2015 :: [*****] BUG: Room #5510: Unknown affect being checked [On an Iron Street].
Sat Jun 13 04:41:48 2015 :: [*****] BUG: Room #5507: Unknown affect being checked [On an Iron Street].
Sat Jun 13 04:41:52 2015 :: [*****] BUG: Room #5509: Unknown affect being checked [At an Intersection].
Sat Jun 13 04:41:56 2015 :: [*****] BUG: Room #5510: Unknown affect being checked [On an Iron Street].
Sat Jun 13 04:42:04 2015 :: [*****] BUG: Room #5518: Unknown affect being checked [On an Iron Street].
Sat Jun 13 04:42:08 2015 :: [*****] BUG: Room #5542: Unknown affect being checked [On an Iron Street].
Sat Jun 13 04:42:20 2015 :: [*****] BUG: Room #5541: Unknown affect being checked [On an Iron Street].
Sat Jun 13 04:42:24 2015 :: [*****] BUG: Room #5522: Unknown affect being checked [At an Intersection].
Sat Jun 13 04:42:24 2015 :: [*****] BUG: Room #5511: Unknown affect being checked [At the Iron Gates].
Sat Jun 13 04:42:24 2015 :: [*****] BUG: Room #5507: Unknown affect being checked [On an Iron Street].
Sat Jun 13 04:42:28 2015 :: [*****] BUG: Room #5541: Unknown affect being checked [On an Iron Street].
Sat Jun 13 04:42:28 2015 :: [*****] BUG: Room #5521: Unknown affect being checked [On an Iron Street].
Sat Jun 13 04:42:32 2015 :: [*****] BUG: Room #5539: Unknown affect being checked [Outside a Large Iron Tower].
Sat Jun 13 04:42:40 2015 :: [*****] BUG: Room #5508: Unknown affect being checked [On an Iron Street].
Sat Jun 13 04:42:44 2015 :: [*****] BUG: Room #5534: Unknown affect being checked [At an Intersection].
Sat Jun 13 04:42:44 2015 :: [*****] BUG: Room #5517: Unknown affect being checked [On an Iron Street].
Sat Jun 13 04:42:48 2015 :: [*****] BUG: Room #5537: Unknown affect being checked [On an Iron Street].
Sat Jun 13 04:42:48 2015 :: [*****] BUG: Room #5507: Unknown affect being checked [On an Iron Street].
Sat Jun 13 04:42:56 2015 :: [*****] BUG: Room #5543: Unknown affect being checked [On an Iron Street].
Sat Jun 13 04:42:56 2015 :: [*****] BUG: Room #5541: Unknown affect being checked [On an Iron Street].
Sat Jun 13 04:43:03 2015 :: Log Zlorth: redi name En el centro
Sat Jun 13 04:43:04 2015 :: [*****] BUG: Room #5534: Unknown affect being checked [At an Intersection].
Sat Jun 13 04:43:04 2015 :: [*****] BUG: Room #5525: Unknown affect being checked [On an Iron Street].
Sat Jun 13 04:43:04 2015 :: [*****] BUG: Room #5518: Unknown affect being checked [On an Iron Street].
Sat Jun 13 04:43:04 2015 :: [*****] BUG: Room #5507: Unknown affect being checked [On an Iron Street].
Sat Jun 13 04:43:08 2015 :: [*****] BUG: Room #5539: Unknown affect being checked [Outside a Large Iron Tower].
Sat Jun 13 04:43:08 2015 :: [*****] BUG: Room #5510: Unknown affect being checked [On an Iron Street].
Sat Jun 13 04:43:10 2015 :: Log Zlorth: aas forbidden.are
Sat Jun 13 04:43:15 2015 :: Log Zlorth: redi desc
Sat Jun 13 04:43:16 2015 :: [*****] BUG: Room #5537: Unknown affect being checked [On an Iron Street].
Sat Jun 13 04:43:20 2015 :: [*****] BUG: Room #5539: Unknown affect being checked [Outside a Large Iron Tower].
Sat Jun 13 04:43:20 2015 :: [*****] BUG: Room #5533: Unknown affect being checked [On an Iron Street].
Sat Jun 13 04:43:24 2015 :: [*****] BUG: Room #5507: Unknown affect being checked [On an Iron Street].
Sat Jun 13 04:43:24 2015 :: [*****] BUG: Room #5507: Unknown affect being checked [On an Iron Street].
Sat Jun 13 04:43:28 2015 :: [*****] BUG: Room #5544: Unknown affect being checked [On an Iron Street].
Sat Jun 13 04:43:28 2015 :: [*****] BUG: Room #5538: Unknown affect being checked [On an Iron Street].
Sat Jun 13 04:43:32 2015 :: [*****] BUG: Room #5533: Unknown affect being checked [On an Iron Street].
Sat Jun 13 04:43:32 2015 :: [*****] BUG: Room #5508: Unknown affect being checked [On an Iron Street].
Sat Jun 13 04:43:40 2015 :: [*****] BUG: Room #5543: Unknown affect being checked [On an Iron Street].
Sat Jun 13 04:43:40 2015 :: [*****] BUG: Room #5537: Unknown affect being checked [On an Iron Street].
Sat Jun 13 04:43:40 2015 :: [*****] BUG: Room #5534: Unknown affect being checked [At an Intersection].
Sat Jun 13 04:43:40 2015 :: [*****] BUG: Room #5507: Unknown affect being checked [On an Iron Street].
Sat Jun 13 04:43:44 2015 :: [*****] BUG: Room #5541: Unknown affect being checked [On an Iron Street].
Sat Jun 13 04:43:44 2015 :: [*****] BUG: Room #5543: Unknown affect being checked [On an Iron Street].
Sat Jun 13 04:43:44 2015 :: [*****] BUG: Room #5535: Unknown affect being checked [On an Iron Street].
Sat Jun 13 04:43:48 2015 :: [*****] BUG: Room #5539: Unknown affect being checked [Outside a Large Iron Tower].
Sat Jun 13 04:43:52 2015 :: [*****] BUG: Room #5508: Unknown affect being checked [On an Iron Street].
Sat Jun 13 04:43:56 2015 :: [*****] BUG: Room #5526: Unknown affect being checked [On an Iron Street].
Sat Jun 13 04:44:00 2015 :: [*****] BUG: Room #5541: Unknown affect being checked [On an Iron Street].
Sat Jun 13 04:44:12 2015 :: [*****] BUG: Room #5542: Unknown affect being checked [On an Iron Street].
Sat Jun 13 04:44:20 2015 :: [*****] BUG: Room #5538: Unknown affect being checked [On an Iron Street].
Sat Jun 13 04:44:20 2015 :: [*****] BUG: Room #5510: Unknown affect being checked [On an Iron Street].
Sat Jun 13 04:44:24 2015 :: [*****] BUG: Room #5522: Unknown affect being checked [At an Intersection].
Sat Jun 13 04:44:24 2015 :: [*****] BUG: Room #5507: Unknown affect being checked [On an Iron Street].
Sat Jun 13 04:44:28 2015 :: [*****] BUG: Room #5539: Unknown affect being checked [Outside a Large Iron Tower].
Sat Jun 13 04:44:32 2015 :: [*****] BUG: Room #5542: Unknown affect being checked [On an Iron Street].
Sat Jun 13 04:44:36 2015 :: [*****] BUG: Room #5509: Unknown affect being checked [At an Intersection].
Sat Jun 13 04:44:36 2015 :: [*****] BUG: Room #5541: Unknown affect being checked [On an Iron Street].
Sat Jun 13 04:44:36 2015 :: [*****] BUG: Room #5525: Unknown affect being checked [On an Iron Street].
Sat Jun 13 04:44:40 2015 :: [*****] BUG: Room #5536: Unknown affect being checked [On an Iron Street].
Sat Jun 13 04:44:40 2015 :: [*****] BUG: Room #5509: Unknown affect being checked [At an Intersection].
Sat Jun 13 04:44:44 2015 :: [*****] BUG: Room #5520: Unknown affect being checked [In a Makeshift Shop].
Sat Jun 13 04:44:48 2015 :: [*****] BUG: Room #5510: Unknown affect being checked [On an Iron Street].
Sat Jun 13 04:44:48 2015 :: [*****] BUG: Room #5508: Unknown affect being checked [On an Iron Street].
Sat Jun 13 04:44:52 2015 :: [*****] BUG: Room #5544: Unknown affect being checked [On an Iron Street].
Sat Jun 13 04:44:52 2015 :: [*****] BUG: Room #5538: Unknown affect being checked [On an Iron Street].
Sat Jun 13 04:44:52 2015 :: [*****] BUG: Room #5535: Unknown affect being checked [On an Iron Street].
Sat Jun 13 04:44:52 2015 :: [*****] BUG: Room #5525: Unknown affect being checked [On an Iron Street].
Sat Jun 13 04:44:52 2015 :: [*****] BUG: Room #5507: Unknown affect being checked [On an Iron Street].
Sat Jun 13 04:45:00 2015 :: [*****] BUG: Room #5511: Unknown affect being checked [At the Iron Gates].
Sat Jun 13 04:45:04 2015 :: [*****] BUG: Room #5536: Unknown affect being checked [On an Iron Street].
Sat Jun 13 04:45:04 2015 :: [*****] BUG: Room #5509: Unknown affect being checked [At an Intersection].
Sat Jun 13 04:45:17 2015 :: [*****] BUG: Room #5511: Unknown affect being checked [At the Iron Gates].
Sat Jun 13 04:45:17 2015 :: [*****] BUG: Room #5507: Unknown affect being checked [On an Iron Street].
Sat Jun 13 04:45:21 2015 :: [*****] BUG: Room #5545: Unknown affect being checked [On an Iron Street].
Sat Jun 13 04:45:21 2015 :: [*****] BUG: Room #5510: Unknown affect being checked [On an Iron Street].
Sat Jun 13 04:45:21 2015 :: [*****] BUG: Room #5508: Unknown affect being checked [On an Iron Street].
Sat Jun 13 04:45:25 2015 :: [*****] BUG: Room #5522: Unknown affect being checked [At an Intersection].
Sat Jun 13 04:45:29 2015 :: [*****] BUG: Room #5509: Unknown affect being checked [At an Intersection].
Sat Jun 13 04:45:33 2015 :: [*****] BUG: Room #5523: Unknown affect being checked [On an Iron Street].
Sat Jun 13 04:45:33 2015 :: [*****] BUG: Room #5510: Unknown affect being checked [On an Iron Street].
Sat Jun 13 04:45:37 2015 :: [*****] BUG: Room #5536: Unknown affect being checked [On an Iron Street].
Sat Jun 13 04:45:37 2015 :: [*****] BUG: Room #5533: Unknown affect being checked [On an Iron Street].
Sat Jun 13 04:45:41 2015 :: [*****] BUG: Room #5507: Unknown affect being checked [On an Iron Street].
Sat Jun 13 04:45:45 2015 :: [*****] BUG: Room #5541: Unknown affect being checked [On an Iron Street].
Sat Jun 13 04:45:49 2015 :: [*****] BUG: Room #5542: Unknown affect being checked [On an Iron Street].
Sat Jun 13 04:45:49 2015 :: [*****] BUG: Room #5509: Unknown affect being checked [At an Intersection].
Sat Jun 13 04:45:53 2015 :: [*****] BUG: Room #5517: Unknown affect being checked [On an Iron Street].
Sat Jun 13 04:45:57 2015 :: [*****] BUG: Room #5537: Unknown affect being checked [On an Iron Street].
Sat Jun 13 04:45:57 2015 :: [*****] BUG: Room #5533: Unknown affect being checked [On an Iron Street].
Sat Jun 13 04:46:05 2015 :: [*****] BUG: Room #5511: Unknown affect being checked [At the Iron Gates].
Sat Jun 13 04:46:13 2015 :: [*****] BUG: Room #5539: Unknown affect being checked [Outside a Large Iron Tower].
Sat Jun 13 04:46:13 2015 :: [*****] BUG: Room #5507: Unknown affect being checked [On an Iron Street].
Sat Jun 13 04:46:17 2015 :: [*****] BUG: Room #5541: Unknown affect being checked [On an Iron Street].
Sat Jun 13 04:46:17 2015 :: [*****] BUG: Room #5538: Unknown affect being checked [On an Iron Street].
Sat Jun 13 04:46:21 2015 :: [*****] BUG: Room #5509: Unknown affect being checked [At an Intersection].
Sat Jun 13 04:46:29 2015 :: [*****] BUG: Room #5522: Unknown affect being checked [At an Intersection].
Sat Jun 13 04:46:33 2015 :: [*****] BUG: Room #5539: Unknown affect being checked [Outside a Large Iron Tower].
Sat Jun 13 04:46:33 2015 :: [*****] BUG: Room #5535: Unknown affect being checked [On an Iron Street].
Sat Jun 13 04:46:33 2015 :: [*****] BUG: Room #5517: Unknown affect being checked [On an Iron Street].
Sat Jun 13 04:46:37 2015 :: [*****] BUG: Room #5539: Unknown affect being checked [Outside a Large Iron Tower].
Sat Jun 13 04:46:37 2015 :: [*****] BUG: Room #5523: Unknown affect being checked [On an Iron Street].
Sat Jun 13 04:46:41 2015 :: [*****] BUG: Room #5522: Unknown affect being checked [At an Intersection].
Sat Jun 13 04:46:41 2015 :: [*****] BUG: Room #5507: Unknown affect being checked [On an Iron Street].
Sat Jun 13 04:46:45 2015 :: [*****] BUG: Room #5541: Unknown affect being checked [On an Iron Street].
Sat Jun 13 04:46:49 2015 :: [*****] BUG: Room #5544: Unknown affect being checked [On an Iron Street].
Sat Jun 13 04:46:49 2015 :: [*****] BUG: Room #5517: Unknown affect being checked [On an Iron Street].
Sat Jun 13 04:46:49 2015 :: [*****] BUG: Room #5517: Unknown affect being checked [On an Iron Street].
Sat Jun 13 04:46:53 2015 :: [*****] BUG: Room #5539: Unknown affect being checked [Outside a Large Iron Tower].
Sat Jun 13 04:46:53 2015 :: [*****] BUG: Room #5539: Unknown affect being checked [Outside a Large Iron Tower].
Sat Jun 13 04:47:01 2015 :: [*****] BUG: Room #5542: Unknown affect being checked [On an Iron Street].
Sat Jun 13 04:47:01 2015 :: [*****] BUG: Room #5518: Unknown affect being checked [On an Iron Street].
Sat Jun 13 04:47:09 2015 :: [*****] BUG: Room #5538: Unknown affect being checked [On an Iron Street].
Sat Jun 13 04:47:17 2015 :: [*****] BUG: Room #5539: Unknown affect being checked [Outside a Large Iron Tower].
Sat Jun 13 04:47:25 2015 :: [*****] BUG: Room #5543: Unknown affect being checked [On an Iron Street].
Sat Jun 13 04:47:29 2015 :: [*****] BUG: Room #5544: Unknown affect being checked [On an Iron Street].
Sat Jun 13 04:47:33 2015 :: [*****] BUG: Room #5518: Unknown affect being checked [On an Iron Street].
Sat Jun 13 04:47:37 2015 :: [*****] BUG: Room #5545: Unknown affect being checked [On an Iron Street].
Sat Jun 13 04:47:37 2015 :: [*****] BUG: Room #5541: Unknown affect being checked [On an Iron Street].
Sat Jun 13 04:47:39 2015 :: Log Zlorth: folda all
Sat Jun 13 04:47:39 2015 :: Saving limbo.are...
Sat Jun 13 04:47:39 2015 :: Saving staff.are...
Sat Jun 13 04:47:39 2015 :: Saving call.are...
Sat Jun 13 04:47:39 2015 :: Saving haon.are...
Sat Jun 13 04:47:39 2015 :: Saving midennir.are...
Sat Jun 13 04:47:39 2015 :: Saving astral.are...
Sat Jun 13 04:47:39 2015 :: Saving srefuge.are...
Sat Jun 13 04:47:39 2015 :: Saving chapel.are...
Sat Jun 13 04:47:39 2015 :: Saving export.are...
Sat Jun 13 04:47:39 2015 :: Saving plains.are...
Sat Jun 13 04:47:39 2015 :: Saving gallery.are...
Sat Jun 13 04:47:39 2015 :: Saving grave.are...
Sat Jun 13 04:47:39 2015 :: Saving unholy.are...
Sat Jun 13 04:47:39 2015 :: Saving pixie.are...
Sat Jun 13 04:47:39 2015 :: Saving manor.are...
Sat Jun 13 04:47:39 2015 :: Saving roads.are...
Sat Jun 13 04:47:39 2015 :: Saving asgard.are...
Sat Jun 13 04:47:39 2015 :: Saving warkeep.are...
Sat Jun 13 04:47:39 2015 :: Saving abandoned.are...
Sat Jun 13 04:47:39 2015 :: Saving drakkel.are...
Sat Jun 13 04:47:39 2015 :: Saving 1stplane.are...
Sat Jun 13 04:47:39 2015 :: Saving heaven.are...
Sat Jun 13 04:47:39 2015 :: Saving manoake.are...
Sat Jun 13 04:47:39 2015 :: Saving loramoor.are...
Sat Jun 13 04:47:39 2015 :: Saving beach.are...
Sat Jun 13 04:47:39 2015 :: Saving ship.are...
Sat Jun 13 04:47:39 2015 :: Saving Vila.are...
Sat Jun 13 04:47:39 2015 :: Saving abyss.are...
Sat Jun 13 04:47:39 2015 :: Saving citadel.are...
Sat Jun 13 04:47:39 2015 :: Saving ocean.are...
Sat Jun 13 04:47:39 2015 :: Saving paleon.are...
Sat Jun 13 04:47:39 2015 :: Saving garden.are...
Sat Jun 13 04:47:39 2015 :: Saving prison.are...
Sat Jun 13 04:47:39 2015 :: Saving jarynth.are...
Sat Jun 13 04:47:39 2015 :: Saving cierra.are...
Sat Jun 13 04:47:39 2015 :: Saving regius.are...
Sat Jun 13 04:47:39 2015 :: Saving isle.are...
Sat Jun 13 04:47:39 2015 :: Saving caverns.are...
Sat Jun 13 04:47:39 2015 :: Saving shoreline.are...
Sat Jun 13 04:47:39 2015 :: Saving stutorial.are...
Sat Jun 13 04:47:39 2015 :: Saving waterarena.are...
Sat Jun 13 04:47:39 2015 :: Saving tufkular.are...
Sat Jun 13 04:47:39 2015 :: Saving undersewer.are...
Sat Jun 13 04:47:39 2015 :: Saving tutorial.are...
Sat Jun 13 04:47:39 2015 :: Saving bowels.are...
Sat Jun 13 04:47:39 2015 :: Saving atheneum.are...
Sat Jun 13 04:47:39 2015 :: Saving desertarena.are...
Sat Jun 13 04:47:39 2015 :: Saving kirwood.are...
Sat Jun 13 04:47:39 2015 :: Saving junglearena.are...
Sat Jun 13 04:47:39 2015 :: Saving arcticarena.are...
Sat Jun 13 04:47:39 2015 :: Saving Dis.are...
Sat Jun 13 04:47:39 2015 :: Saving labarena.are...
Sat Jun 13 04:47:39 2015 :: Saving durdun.are...
Sat Jun 13 04:47:39 2015 :: Saving dakar.are...
Sat Jun 13 04:47:39 2015 :: Saving etutorial.are...
Sat Jun 13 04:47:39 2015 :: Saving wild.are...
Sat Jun 13 04:47:39 2015 :: Saving xwild.are...
Sat Jun 13 04:47:39 2015 :: Saving santasws.are...
Sat Jun 13 04:47:39 2015 :: Saving forbidden.are...
Sat Jun 13 04:47:39 2015 :: Saving dtutorial.are...
Sat Jun 13 04:47:39 2015 :: Saving estate.are...
Sat Jun 13 04:47:39 2015 :: Saving spidswamp.are...
Sat Jun 13 04:47:39 2015 :: Saving icecastle.are...
Sat Jun 13 04:47:39 2015 :: Saving crysforest.are...
Sat Jun 13 04:47:39 2015 :: Saving lvalley.are...
Sat Jun 13 04:47:39 2015 :: Saving ixious.are...
Sat Jun 13 04:47:39 2015 :: Saving Szithlin.are...
Sat Jun 13 04:47:39 2015 :: Saving gtower.are...
Sat Jun 13 04:47:39 2015 :: Saving newunder.are...
Sat Jun 13 04:47:39 2015 :: Saving foxden.are...
Sat Jun 13 04:47:39 2015 :: Saving goldpen.are...
Sat Jun 13 04:47:39 2015 :: Saving ruins.are...
Sat Jun 13 04:47:39 2015 :: Saving merchant.are...
Sat Jun 13 04:47:39 2015 :: Saving shatkul.are...
Sat Jun 13 04:47:39 2015 :: Saving sos.are...
Sat Jun 13 04:47:39 2015 :: Saving appgarden.are...
Sat Jun 13 04:47:39 2015 :: Saving soscata.are...
Sat Jun 13 04:47:39 2015 :: Saving throngfort.are...
Sat Jun 13 04:47:39 2015 :: Saving allifort.are...
Sat Jun 13 04:47:39 2015 :: Saving accura.are...
Sat Jun 13 04:47:39 2015 :: Saving events.are...
Sat Jun 13 04:47:39 2015 :: Saving halcyon.are...
Sat Jun 13 04:47:39 2015 :: Saving terizak.are...
Sat Jun 13 04:47:39 2015 :: Saving mausoleum.are...
Sat Jun 13 04:47:39 2015 :: Saving spivill.are...
Sat Jun 13 04:47:39 2015 :: Saving ywild.are...
Sat Jun 13 04:47:39 2015 :: Saving cliffs.are...
Sat Jun 13 04:47:39 2015 :: Saving icecavern.are...
Sat Jun 13 04:47:39 2015 :: Saving oisland.are...
Sat Jun 13 04:47:39 2015 :: Saving harpy.are...
Sat Jun 13 04:47:39 2015 :: Saving rift.are...
Sat Jun 13 04:47:39 2015 :: Saving invasion.are...
Sat Jun 13 04:47:39 2015 :: Saving palace.are...
Sat Jun 13 04:47:39 2015 :: Saving ttower.are...
Sat Jun 13 04:47:39 2015 :: Saving pixadale.are...
Sat Jun 13 04:47:39 2015 :: Saving volcano.are...
Sat Jun 13 04:47:39 2015 :: Saving psewer.are...
Sat Jun 13 04:47:39 2015 :: Saving dsewer.are...
Sat Jun 13 04:47:39 2015 :: Saving dragonden.are...
Sat Jun 13 04:47:39 2015 :: Saving grovestone.are...
Sat Jun 13 04:47:39 2015 :: Saving torain.are...
Sat Jun 13 04:47:39 2015 :: Saving parade.are...
Sat Jun 13 04:47:39 2015 :: Saving theatre.are...
Sat Jun 13 04:47:39 2015 :: Saving phouse.are...
Sat Jun 13 04:47:39 2015 :: Saving dhouse.are...
Sat Jun 13 04:47:39 2015 :: Saving hive.are...
Sat Jun 13 04:47:39 2015 :: Saving riders.are...
Sat Jun 13 04:47:39 2015 :: Saving ships.are...
Sat Jun 13 04:47:39 2015 :: Saving tomb.are...
Sat Jun 13 04:47:41 2015 :: [*****] BUG: Room #5534: Unknown affect being checked [At an Intersection].
Sat Jun 13 04:47:41 2015 :: [*****] BUG: Room #5534: Unknown affect being checked [At an Intersection].
Sat Jun 13 04:47:41 2015 :: Log Zlorth: folda
Sat Jun 13 04:47:45 2015 :: [*****] BUG: Room #5544: Unknown affect being checked [On an Iron Street].
Sat Jun 13 04:47:45 2015 :: [*****] BUG: Room #5538: Unknown affect being checked [On an Iron Street].
Sat Jun 13 04:47:48 2015 :: Log Zlorth: folda forbidden.are
Sat Jun 13 04:47:48 2015 :: Saving forbidden.are...
Sat Jun 13 04:47:49 2015 :: [*****] BUG: Room #5535: Unknown affect being checked [On an Iron Street].
Sat Jun 13 04:47:49 2015 :: [*****] BUG: Room #5509: Unknown affect being checked [At an Intersection].
Sat Jun 13 04:47:53 2015 :: [*****] BUG: Room #5538: Unknown affect being checked [On an Iron Street].
Sat Jun 13 04:47:53 2015 :: [*****] BUG: Room #5517: Unknown affect being checked [On an Iron Street].
Sat Jun 13 04:47:57 2015 :: Log Zlorth: redi desc
Sat Jun 13 04:47:57 2015 :: [*****] BUG: Room #5539: Unknown affect being checked [Outside a Large Iron Tower].
Sat Jun 13 04:47:57 2015 :: [*****] BUG: Room #5538: Unknown affect being checked [On an Iron Street].
Sat Jun 13 04:48:01 2015 :: [*****] BUG: Room #5539: Unknown affect being checked [Outside a Large Iron Tower].
Sat Jun 13 04:48:05 2015 :: [*****] BUG: Room #5542: Unknown affect being checked [On an Iron Street].
Sat Jun 13 04:48:05 2015 :: [*****] BUG: Room #5543: Unknown affect being checked [On an Iron Street].
Sat Jun 13 04:48:09 2015 :: [*****] BUG: Room #5541: Unknown affect being checked [On an Iron Street].
Sat Jun 13 04:48:09 2015 :: [*****] BUG: Room #5509: Unknown affect being checked [At an Intersection].
Sat Jun 13 04:48:09 2015 :: [*****] BUG: Room #5510: Unknown affect being checked [On an Iron Street].
Sat Jun 13 04:48:13 2015 :: [*****] BUG: Room #5543: Unknown affect being checked [On an Iron Street].
Sat Jun 13 04:48:13 2015 :: [*****] BUG: Room #5517: Unknown affect being checked [On an Iron Street].
Sat Jun 13 04:48:17 2015 :: [*****] BUG: Room #5533: Unknown affect being checked [On an Iron Street].
Sat Jun 13 04:48:17 2015 :: [*****] BUG: Room #5510: Unknown affect being checked [On an Iron Street].
Sat Jun 13 04:48:17 2015 :: [*****] BUG: Room #5510: Unknown affect being checked [On an Iron Street].
Sat Jun 13 04:48:21 2015 :: [*****] BUG: Room #5533: Unknown affect being checked [On an Iron Street].
Sat Jun 13 04:48:21 2015 :: [*****] BUG: Room #5510: Unknown affect being checked [On an Iron Street].
Sat Jun 13 04:48:24 2015 :: Log Zlorth: folda all
Sat Jun 13 04:48:24 2015 :: Saving limbo.are...
Sat Jun 13 04:48:24 2015 :: Saving staff.are...
Sat Jun 13 04:48:24 2015 :: Saving call.are...
Sat Jun 13 04:48:24 2015 :: Saving haon.are...
Sat Jun 13 04:48:24 2015 :: Saving midennir.are...
Sat Jun 13 04:48:24 2015 :: Saving astral.are...
Sat Jun 13 04:48:24 2015 :: Saving srefuge.are...
Sat Jun 13 04:48:24 2015 :: Saving chapel.are...
Sat Jun 13 04:48:24 2015 :: Saving export.are...
Sat Jun 13 04:48:24 2015 :: Saving plains.are...
Sat Jun 13 04:48:24 2015 :: Saving gallery.are...
Sat Jun 13 04:48:24 2015 :: Saving grave.are...
Sat Jun 13 04:48:24 2015 :: Saving unholy.are...
Sat Jun 13 04:48:24 2015 :: Saving pixie.are...
Sat Jun 13 04:48:24 2015 :: Saving manor.are...
Sat Jun 13 04:48:24 2015 :: Saving roads.are...
Sat Jun 13 04:48:24 2015 :: Saving asgard.are...
Sat Jun 13 04:48:24 2015 :: Saving warkeep.are...
Sat Jun 13 04:48:24 2015 :: Saving abandoned.are...
Sat Jun 13 04:48:24 2015 :: Saving drakkel.are...
Sat Jun 13 04:48:24 2015 :: Saving 1stplane.are...
Sat Jun 13 04:48:24 2015 :: Saving heaven.are...
Sat Jun 13 04:48:24 2015 :: Saving manoake.are...
Sat Jun 13 04:48:24 2015 :: Saving loramoor.are...
Sat Jun 13 04:48:24 2015 :: Saving beach.are...
Sat Jun 13 04:48:24 2015 :: Saving ship.are...
Sat Jun 13 04:48:24 2015 :: Saving Vila.are...
Sat Jun 13 04:48:24 2015 :: Saving abyss.are...
Sat Jun 13 04:48:24 2015 :: Saving citadel.are...
Sat Jun 13 04:48:24 2015 :: Saving ocean.are...
Sat Jun 13 04:48:24 2015 :: Saving paleon.are...
Sat Jun 13 04:48:24 2015 :: Saving garden.are...
Sat Jun 13 04:48:24 2015 :: Saving prison.are...
Sat Jun 13 04:48:24 2015 :: Saving jarynth.are...
Sat Jun 13 04:48:24 2015 :: Saving cierra.are...
Sat Jun 13 04:48:24 2015 :: Saving regius.are...
Sat Jun 13 04:48:24 2015 :: Saving isle.are...
Sat Jun 13 04:48:24 2015 :: Saving caverns.are...
Sat Jun 13 04:48:24 2015 :: Saving shoreline.are...
Sat Jun 13 04:48:24 2015 :: Saving stutorial.are...
Sat Jun 13 04:48:24 2015 :: Saving waterarena.are...
Sat Jun 13 04:48:24 2015 :: Saving tufkular.are...
Sat Jun 13 04:48:24 2015 :: Saving undersewer.are...
Sat Jun 13 04:48:24 2015 :: Saving tutorial.are...
Sat Jun 13 04:48:24 2015 :: Saving bowels.are...
Sat Jun 13 04:48:24 2015 :: Saving atheneum.are...
Sat Jun 13 04:48:24 2015 :: Saving desertarena.are...
Sat Jun 13 04:48:24 2015 :: Saving kirwood.are...
Sat Jun 13 04:48:24 2015 :: Saving junglearena.are...
Sat Jun 13 04:48:24 2015 :: Saving arcticarena.are...
Sat Jun 13 04:48:24 2015 :: Saving Dis.are...
Sat Jun 13 04:48:24 2015 :: Saving labarena.are...
Sat Jun 13 04:48:24 2015 :: Saving durdun.are...
Sat Jun 13 04:48:24 2015 :: Saving dakar.are...
Sat Jun 13 04:48:24 2015 :: Saving etutorial.are...
Sat Jun 13 04:48:24 2015 :: Saving wild.are...
Sat Jun 13 04:48:24 2015 :: Saving xwild.are...
Sat Jun 13 04:48:24 2015 :: Saving santasws.are...
Sat Jun 13 04:48:24 2015 :: Saving forbidden.are...
Sat Jun 13 04:48:24 2015 :: Saving dtutorial.are...
Sat Jun 13 04:48:24 2015 :: Saving estate.are...
Sat Jun 13 04:48:24 2015 :: Saving spidswamp.are...
Sat Jun 13 04:48:24 2015 :: Saving icecastle.are...
Sat Jun 13 04:48:24 2015 :: Saving crysforest.are...
Sat Jun 13 04:48:24 2015 :: Saving lvalley.are...
Sat Jun 13 04:48:24 2015 :: Saving ixious.are...
Sat Jun 13 04:48:24 2015 :: Saving Szithlin.are...
Sat Jun 13 04:48:24 2015 :: Saving gtower.are...
Sat Jun 13 04:48:24 2015 :: Saving newunder.are...
Sat Jun 13 04:48:24 2015 :: Saving foxden.are...
Sat Jun 13 04:48:24 2015 :: Saving goldpen.are...
Sat Jun 13 04:48:24 2015 :: Saving ruins.are...
Sat Jun 13 04:48:24 2015 :: Saving merchant.are...
Sat Jun 13 04:48:24 2015 :: Saving shatkul.are...
Sat Jun 13 04:48:24 2015 :: Saving sos.are...
Sat Jun 13 04:48:24 2015 :: Saving appgarden.are...
Sat Jun 13 04:48:24 2015 :: Saving soscata.are...
Sat Jun 13 04:48:24 2015 :: Saving throngfort.are...
Sat Jun 13 04:48:24 2015 :: Saving allifort.are...
Sat Jun 13 04:48:24 2015 :: Saving accura.are...
Sat Jun 13 04:48:24 2015 :: Saving events.are...
Sat Jun 13 04:48:24 2015 :: Saving halcyon.are...
Sat Jun 13 04:48:24 2015 :: Saving terizak.are...
Sat Jun 13 04:48:24 2015 :: Saving mausoleum.are...
Sat Jun 13 04:48:24 2015 :: Saving spivill.are...
Sat Jun 13 04:48:24 2015 :: Saving ywild.are...
Sat Jun 13 04:48:24 2015 :: Saving cliffs.are...
Sat Jun 13 04:48:24 2015 :: Saving icecavern.are...
Sat Jun 13 04:48:24 2015 :: Saving oisland.are...
Sat Jun 13 04:48:24 2015 :: Saving harpy.are...
Sat Jun 13 04:48:24 2015 :: Saving rift.are...
Sat Jun 13 04:48:24 2015 :: Saving invasion.are...
Sat Jun 13 04:48:24 2015 :: Saving palace.are...
Sat Jun 13 04:48:24 2015 :: Saving ttower.are...
Sat Jun 13 04:48:24 2015 :: Saving pixadale.are...
Sat Jun 13 04:48:24 2015 :: Saving volcano.are...
Sat Jun 13 04:48:24 2015 :: Saving psewer.are...
Sat Jun 13 04:48:24 2015 :: Saving dsewer.are...
Sat Jun 13 04:48:24 2015 :: Saving dragonden.are...
Sat Jun 13 04:48:24 2015 :: Saving grovestone.are...
Sat Jun 13 04:48:24 2015 :: Saving torain.are...
Sat Jun 13 04:48:24 2015 :: Saving parade.are...
Sat Jun 13 04:48:24 2015 :: Saving theatre.are...
Sat Jun 13 04:48:24 2015 :: Saving phouse.are...
Sat Jun 13 04:48:24 2015 :: Saving dhouse.are...
Sat Jun 13 04:48:24 2015 :: Saving hive.are...
Sat Jun 13 04:48:24 2015 :: Saving riders.are...
Sat Jun 13 04:48:24 2015 :: Saving ships.are...
Sat Jun 13 04:48:24 2015 :: Saving tomb.are...
Sat Jun 13 04:48:25 2015 :: [*****] BUG: Room #5542: Unknown affect being checked [On an Iron Street].
Sat Jun 13 04:48:25 2015 :: [*****] BUG: Room #5544: Unknown affect being checked [On an Iron Street].
Sat Jun 13 04:48:25 2015 :: [*****] BUG: Room #5507: Unknown affect being checked [On an Iron Street].
Sat Jun 13 04:48:29 2015 :: [*****] BUG: Room #5511: Unknown affect being checked [At the Iron Gates].
Sat Jun 13 04:48:41 2015 :: [*****] BUG: Room #5507: Unknown affect being checked [On an Iron Street].
Sat Jun 13 04:49:01 2015 :: [*****] BUG: Room #5508: Unknown affect being checked [On an Iron Street].
Sat Jun 13 04:49:10 2015 :: [*****] BUG: Room #5511: Unknown affect being checked [At the Iron Gates].
Sat Jun 13 04:49:11 2015 :: Log Zlorth: folda all
Sat Jun 13 04:49:11 2015 :: Saving limbo.are...
Sat Jun 13 04:49:11 2015 :: Saving staff.are...
Sat Jun 13 04:49:11 2015 :: Saving call.are...
Sat Jun 13 04:49:11 2015 :: Saving haon.are...
Sat Jun 13 04:49:11 2015 :: Saving midennir.are...
Sat Jun 13 04:49:11 2015 :: Saving astral.are...
Sat Jun 13 04:49:11 2015 :: Saving srefuge.are...
Sat Jun 13 04:49:11 2015 :: Saving chapel.are...
Sat Jun 13 04:49:11 2015 :: Saving export.are...
Sat Jun 13 04:49:11 2015 :: Saving plains.are...
Sat Jun 13 04:49:11 2015 :: Saving gallery.are...
Sat Jun 13 04:49:11 2015 :: Saving grave.are...
Sat Jun 13 04:49:11 2015 :: Saving unholy.are...
Sat Jun 13 04:49:11 2015 :: Saving pixie.are...
Sat Jun 13 04:49:11 2015 :: Saving manor.are...
Sat Jun 13 04:49:11 2015 :: Saving roads.are...
Sat Jun 13 04:49:11 2015 :: Saving asgard.are...
Sat Jun 13 04:49:11 2015 :: Saving warkeep.are...
Sat Jun 13 04:49:11 2015 :: Saving abandoned.are...
Sat Jun 13 04:49:11 2015 :: Saving drakkel.are...
Sat Jun 13 04:49:11 2015 :: Saving 1stplane.are...
Sat Jun 13 04:49:11 2015 :: Saving heaven.are...
Sat Jun 13 04:49:11 2015 :: Saving manoake.are...
Sat Jun 13 04:49:11 2015 :: Saving loramoor.are...
Sat Jun 13 04:49:11 2015 :: Saving beach.are...
Sat Jun 13 04:49:11 2015 :: Saving ship.are...
Sat Jun 13 04:49:11 2015 :: Saving Vila.are...
Sat Jun 13 04:49:11 2015 :: Saving abyss.are...
Sat Jun 13 04:49:11 2015 :: Saving citadel.are...
Sat Jun 13 04:49:11 2015 :: Saving ocean.are...
Sat Jun 13 04:49:11 2015 :: Saving paleon.are...
Sat Jun 13 04:49:11 2015 :: Saving garden.are...
Sat Jun 13 04:49:11 2015 :: Saving prison.are...
Sat Jun 13 04:49:11 2015 :: Saving jarynth.are...
Sat Jun 13 04:49:11 2015 :: Saving cierra.are...
Sat Jun 13 04:49:11 2015 :: Saving regius.are...
Sat Jun 13 04:49:11 2015 :: Saving isle.are...
Sat Jun 13 04:49:11 2015 :: Saving caverns.are...
Sat Jun 13 04:49:11 2015 :: Saving shoreline.are...
Sat Jun 13 04:49:11 2015 :: Saving stutorial.are...
Sat Jun 13 04:49:11 2015 :: Saving waterarena.are...
Sat Jun 13 04:49:11 2015 :: Saving tufkular.are...
Sat Jun 13 04:49:11 2015 :: Saving undersewer.are...
Sat Jun 13 04:49:11 2015 :: Saving tutorial.are...
Sat Jun 13 04:49:11 2015 :: Saving bowels.are...
Sat Jun 13 04:49:11 2015 :: Saving atheneum.are...
Sat Jun 13 04:49:11 2015 :: Saving desertarena.are...
Sat Jun 13 04:49:11 2015 :: Saving kirwood.are...
Sat Jun 13 04:49:11 2015 :: Saving junglearena.are...
Sat Jun 13 04:49:11 2015 :: Saving arcticarena.are...
Sat Jun 13 04:49:11 2015 :: Saving Dis.are...
Sat Jun 13 04:49:11 2015 :: Saving labarena.are...
Sat Jun 13 04:49:11 2015 :: Saving durdun.are...
Sat Jun 13 04:49:11 2015 :: Saving dakar.are...
Sat Jun 13 04:49:11 2015 :: Saving etutorial.are...
Sat Jun 13 04:49:11 2015 :: Saving wild.are...
Sat Jun 13 04:49:11 2015 :: Saving xwild.are...
Sat Jun 13 04:49:11 2015 :: Saving santasws.are...
Sat Jun 13 04:49:11 2015 :: Saving forbidden.are...
Sat Jun 13 04:49:11 2015 :: Saving dtutorial.are...
Sat Jun 13 04:49:11 2015 :: Saving estate.are...
Sat Jun 13 04:49:11 2015 :: Saving spidswamp.are...
Sat Jun 13 04:49:11 2015 :: Saving icecastle.are...
Sat Jun 13 04:49:11 2015 :: Saving crysforest.are...
Sat Jun 13 04:49:11 2015 :: Saving lvalley.are...
Sat Jun 13 04:49:11 2015 :: Saving ixious.are...
Sat Jun 13 04:49:11 2015 :: Saving Szithlin.are...
Sat Jun 13 04:49:11 2015 :: Saving gtower.are...
Sat Jun 13 04:49:11 2015 :: Saving newunder.are...
Sat Jun 13 04:49:11 2015 :: Saving foxden.are...
Sat Jun 13 04:49:11 2015 :: Saving goldpen.are...
Sat Jun 13 04:49:11 2015 :: Saving ruins.are...
Sat Jun 13 04:49:11 2015 :: Saving merchant.are...
Sat Jun 13 04:49:11 2015 :: Saving shatkul.are...
Sat Jun 13 04:49:11 2015 :: Saving sos.are...
Sat Jun 13 04:49:11 2015 :: Saving appgarden.are...
Sat Jun 13 04:49:11 2015 :: Saving soscata.are...
Sat Jun 13 04:49:11 2015 :: Saving throngfort.are...
Sat Jun 13 04:49:11 2015 :: Saving allifort.are...
Sat Jun 13 04:49:11 2015 :: Saving accura.are...
Sat Jun 13 04:49:11 2015 :: Saving events.are...
Sat Jun 13 04:49:11 2015 :: Saving halcyon.are...
Sat Jun 13 04:49:11 2015 :: Saving terizak.are...
Sat Jun 13 04:49:11 2015 :: Saving mausoleum.are...
Sat Jun 13 04:49:11 2015 :: Saving spivill.are...
Sat Jun 13 04:49:11 2015 :: Saving ywild.are...
Sat Jun 13 04:49:11 2015 :: Saving cliffs.are...
Sat Jun 13 04:49:11 2015 :: Saving icecavern.are...
Sat Jun 13 04:49:11 2015 :: Saving oisland.are...
Sat Jun 13 04:49:11 2015 :: Saving harpy.are...
Sat Jun 13 04:49:11 2015 :: Saving rift.are...
Sat Jun 13 04:49:11 2015 :: Saving invasion.are...
Sat Jun 13 04:49:11 2015 :: Saving palace.are...
Sat Jun 13 04:49:11 2015 :: Saving ttower.are...
Sat Jun 13 04:49:11 2015 :: Saving pixadale.are...
Sat Jun 13 04:49:11 2015 :: Saving volcano.are...
Sat Jun 13 04:49:11 2015 :: Saving psewer.are...
Sat Jun 13 04:49:11 2015 :: Saving dsewer.are...
Sat Jun 13 04:49:11 2015 :: Saving dragonden.are...
Sat Jun 13 04:49:11 2015 :: Saving grovestone.are...
Sat Jun 13 04:49:11 2015 :: Saving torain.are...
Sat Jun 13 04:49:11 2015 :: Saving parade.are...
Sat Jun 13 04:49:11 2015 :: Saving theatre.are...
Sat Jun 13 04:49:11 2015 :: Saving phouse.are...
Sat Jun 13 04:49:11 2015 :: Saving dhouse.are...
Sat Jun 13 04:49:11 2015 :: Saving hive.are...
Sat Jun 13 04:49:11 2015 :: Saving riders.are...
Sat Jun 13 04:49:11 2015 :: Saving ships.are...
Sat Jun 13 04:49:11 2015 :: Saving tomb.are...
Sat Jun 13 04:49:14 2015 :: [*****] BUG: Room #5507: Unknown affect being checked [On an Iron Street].
Sat Jun 13 04:49:17 2015 :: Log Zlorth: reboot mud now
Sat Jun 13 04:49:17 2015 :: Normal termination of game.
Sat Jun 13 04:49:17 2015 :: Cleaning up Memory.
Sat Jun 13 04:49:17 2015 :: Local Channels.
Sat Jun 13 04:49:17 2015 :: Commands.
Sat Jun 13 04:49:17 2015 :: Help files.
Sat Jun 13 04:49:17 2015 :: Reserved name list.
Sat Jun 13 04:49:17 2015 :: Socials.
Sat Jun 13 04:49:17 2015 :: Whacking supermob.
Sat Jun 13 04:49:17 2015 :: Freeing mppause data.
Sat Jun 13 04:49:17 2015 :: Objects.
Sat Jun 13 04:49:17 2015 :: Characters.
Sat Jun 13 04:49:18 2015 :: Descriptors.
Sat Jun 13 04:49:18 2015 :: Wizinfo Data.
Sat Jun 13 04:49:18 2015 :: Classes.
Sat Jun 13 04:49:18 2015 :: Races.
Sat Jun 13 04:49:18 2015 :: Currency.
Sat Jun 13 04:49:18 2015 :: Clans.
Sat Jun 13 04:49:18 2015 :: HTowns.
Sat Jun 13 04:49:18 2015 :: Cities.
Sat Jun 13 04:49:18 2015 :: Councils.
Sat Jun 13 04:49:18 2015 :: Morphs.
Sat Jun 13 04:49:18 2015 :: Title table.
Sat Jun 13 04:49:18 2015 :: Bans.
Sat Jun 13 04:49:18 2015 :: Boards.
Sat Jun 13 04:49:18 2015 :: Area and Build data.
Sat Jun 13 04:49:18 2015 :: Languages.
Sat Jun 13 04:49:18 2015 :: Auction.
Sat Jun 13 04:49:18 2015 :: System data.
Sat Jun 13 04:49:18 2015 :: Mudprog act lists.
Sat Jun 13 04:49:18 2015 :: Herbs.
Sat Jun 13 04:49:18 2015 :: Skills.
Sat Jun 13 04:49:18 2015 :: Mprog act list.
Sat Jun 13 04:49:18 2015 :: Globals.
Sat Jun 13 04:49:18 2015 :: News.
Sat Jun 13 04:49:18 2015 :: Ideas.
Sat Jun 13 04:49:18 2015 :: Bugs.
Sat Jun 13 04:49:18 2015 :: Typos.
Sat Jun 13 04:49:18 2015 :: Quests.
Sat Jun 13 04:49:18 2015 :: Locations.
Sat Jun 13 04:49:18 2015 :: Holidays.
Sat Jun 13 04:49:18 2015 :: Banks.
Sat Jun 13 04:49:18 2015 :: Landmarks.
Sat Jun 13 04:49:18 2015 :: Hints.
Sat Jun 13 04:49:18 2015 :: Scores.
Sat Jun 13 04:49:18 2015 :: Checking hash for leftovers.
Len:    2 Lnks:     1 Str: I3
Total strings in hash 2: 1
Len:    4 Lnks:     1 Str: Galt
Len:    4 Lnks:     1 Str: full
Len:    4 Lnks:     1 Str: Live
Total strings in hash 4: 3
Len:    5 Lnks:     1 Str: Gonth
Len:    5 Lnks:     1 Str: Yorae
Len:    5 Lnks:     1 Str: Kimel
Len:    5 Lnks:     2 Str: Level
Total strings in hash 5: 4
Len:    6 Lnks:     1 Str: Zaiden
Len:    6 Lnks:     1 Str: Leonem
Len:    6 Lnks:     1 Str: Numair
Len:    6 Lnks:     1 Str: Kyndai
Len:    6 Lnks:     1 Str: Saltus
Len:    6 Lnks:     1 Str: Althea
Len:    6 Lnks:     1 Str: Custom
Total strings in hash 6: 7
Len:    7 Lnks:     1 Str: Osaerok
Len:    7 Lnks:     1 Str: Roselia
Len:    7 Lnks:     1 Str: Kyrigan
Len:    7 Lnks:     1 Str: Weibble
Len:    7 Lnks:     1 Str: Fantasy
Len:    7 Lnks:     1 Str: dikumud
Len:    7 Lnks:     1 Str: English
Total strings in hash 7: 7
Len:    8 Lnks:     3 Str: Voluntas
Len:    8 Lnks:     1 Str: Koraesag
Total strings in hash 8: 2
Len:    9 Lnks:     1 Str: Bansheena
Len:    9 Lnks:     1 Str: Maleficus
Len:    9 Lnks:     1 Str: Norrindio
Len:    9 Lnks:     1 Str: Gilanthas
Total strings in hash 9: 4
Len:   10 Lnks:     1 Str: Zhaxiaoyen
Len:   10 Lnks:     1 Str: Lassiekysh
Len:   10 Lnks:     1 Str: Encouraged
Len:   10 Lnks:     1 Str: Integrated
Len:   10 Lnks:     1 Str: Restricted
Total strings in hash 10: 5
Len:   12 Lnks:  2291 Str: Not Assigned
Len:   12 Lnks:     1 Str: All Original
Total strings in hash 12: 2
Len:   13 Lnks:     1 Str: 77.230.130.35
Len:   13 Lnks:     1 Str: United States
Total strings in hash 13: 2
Len:   14 Lnks:     1 Str: Hack and Slash
Total strings in hash 14: 1
Len:   15 Lnks:     1 Str: evault@zoho.com
Total strings in hash 15: 1
Len:   16 Lnks:     1 Str: Medieval Fantasy
Total strings in hash 16: 1
Len:   17 Lnks:     1 Str: 6D.themudhost.net
Total strings in hash 17: 1
Len:   24 Lnks:     1 Str: http://6d.themudhost.net
Total strings in hash 24: 1
Len:   46 Lnks:     1 Str: http://www.mudconnect.com/logos/4733_small.gif
Total strings in hash 46: 1
Sat Jun 13 04:49:18 2015 :: Cleanup complete, exiting.
